#
# A fatal error has been detected by the Java Runtime Environment:
#
#  SIGSEGV (0xb) at pc=0x000000010db32bbe, pid=1092, tid=40707
#
# JRE version: Java(TM) SE Runtime Environment 18.9 (11.0.12+8) (build 11.0.12+8-LTS-237)
# Java VM: Java HotSpot(TM) 64-Bit Server VM 18.9 (11.0.12+8-LTS-237, mixed mode, tiered, compressed oops, g1 gc, bsd-amd64)
# Problematic frame:
# V  [libjvm.dylib+0x332bbe]  void G1ParCopyClosure<(G1Barrier)0, (G1Mark)0>::do_oop_work<oopDesc*>(oopDesc**)+0x34
#
# No core dump will be written. Core dumps have been disabled. To enable core dumping, try "ulimit -c unlimited" before starting Java again
#
# If you would like to submit a bug report, please visit:
#   https://bugreport.java.com/bugreport/crash.jsp
#

---------------  S U M M A R Y ------------

Command Line: -XX:TieredStopAtLevel=1 -Xverify:none -Dspring.profiles.active=local -Dspring.output.ansi.enabled=always -javaagent:/Applications/IntelliJ IDEA.app/Contents/lib/idea_rt.jar=49336:/Applications/IntelliJ IDEA.app/Contents/bin -Dcom.sun.management.jmxremote -Dspring.jmx.enabled=true -Dspring.liveBeansView.mbeanDomain -Dspring.application.admin.enabled=true -Dfile.encoding=UTF-8 com.ivan4usa.fp.App

Host: MacBookAir7,2 x86_64 1800 MHz, 4 cores, 8G, Darwin 20.5.0
Time: Sat Oct  2 19:01:32 2021 CDT elapsed time: 1959.258640 seconds (0d 0h 32m 39s)

---------------  T H R E A D  ---------------

Current thread (0x00007fa4a8327000):  GCTaskThread "GC Thread#2" [stack: 0x0000700006267000,0x0000700006367000] [id=40707]

Stack: [0x0000700006267000,0x0000700006367000],  sp=0x0000700006366c10,  free space=1023k
Native frames: (J=compiled Java code, A=aot compiled Java code, j=interpreted, Vv=VM code, C=native code)
V  [libjvm.dylib+0x332bbe]  void G1ParCopyClosure<(G1Barrier)0, (G1Mark)0>::do_oop_work<oopDesc*>(oopDesc**)+0x34
V  [libjvm.dylib+0x6e2fd9]  StringTable::possibly_parallel_oops_do(OopStorage::ParState<false, false>*, OopClosure*)+0x63
V  [libjvm.dylib+0x3350bf]  G1RootProcessor::process_string_table_roots(G1RootClosures*, G1GCPhaseTimes*, unsigned int)+0x3f
V  [libjvm.dylib+0x334c45]  G1RootProcessor::evacuate_roots(G1ParScanThreadState*, unsigned int)+0xcd
V  [libjvm.dylib+0x2fa76b]  G1ParTask::work(unsigned int)+0xbd
V  [libjvm.dylib+0x7bdf93]  GangWorker::loop()+0x43
V  [libjvm.dylib+0x7418de]  Thread::call_run()+0x68
V  [libjvm.dylib+0x6468d2]  thread_native_entry(Thread*)+0x136
C  [libsystem_pthread.dylib+0x68fc]  _pthread_start+0xe0
C  [libsystem_pthread.dylib+0x2443]  thread_start+0xf


siginfo: si_signo: 11 (SIGSEGV), si_code: 0 (unknown), si_addr: 0x0000000000000000

Register to memory mapping:

RAX=0x00007fa4a781a400 points into unknown readable memory: 0x000000010e128110 | 10 81 12 0e 01 00 00 00
RBX=0x00007fa4a6c22be8 points into unknown readable memory: 0x000000010e12a300 | 00 a3 12 0e 01 00 00 00
RCX=0x00007fa4a9018400 points into unknown readable memory: 0x0000000000000000 | 00 00 00 00 00 00 00 00
RDX=0xa6e26d50806855b8 is an unknown value
RSP=0x0000700006366c10 points into unknown readable memory: 0x00007fa4a6c22be8 | e8 2b c2 a6 a4 7f 00 00
RBP=0x0000700006366c30 points into unknown readable memory: 0x0000700006366c90 | 90 6c 36 06 00 70 00 00
RSI=0x00000a6e26d50806 is an unknown value
RDI=0x00007fa4a6c22be8 points into unknown readable memory: 0x000000010e12a300 | 00 a3 12 0e 01 00 00 00
R8 =0x0 is NULL
R9 =0xffffffffffffffff is an unknown value
R10=0x000070000769fb48 is pointing into the stack for thread: 0x00007fa4a9166000
R11=0xfffff05b5f639a50 is an unknown value
R12=0x0000000000000052 is an unknown value
R13=0x00007fa4a6c4ad00 points into unknown readable memory: 0x0000000780684bf8 | f8 4b 68 80 07 00 00 00
R14=0x00007fa4a6c22be8 points into unknown readable memory: 0x000000010e12a300 | 00 a3 12 0e 01 00 00 00
R15=0x00007fa4a6c4ad88 points into unknown readable memory: 0xa6e26d50806855b8 | b8 55 68 80 50 6d e2 a6


Registers:
RAX=0x00007fa4a781a400, RBX=0x00007fa4a6c22be8, RCX=0x00007fa4a9018400, RDX=0xa6e26d50806855b8
RSP=0x0000700006366c10, RBP=0x0000700006366c30, RSI=0x00000a6e26d50806, RDI=0x00007fa4a6c22be8
R8 =0x0000000000000000, R9 =0xffffffffffffffff, R10=0x000070000769fb48, R11=0xfffff05b5f639a50
R12=0x0000000000000052, R13=0x00007fa4a6c4ad00, R14=0x00007fa4a6c22be8, R15=0x00007fa4a6c4ad88
RIP=0x000000010db32bbe, EFLAGS=0x0000000000010a07, ERR=0x0000000000000000
  TRAPNO=0x000000000000000d

Top of Stack: (sp=0x0000700006366c10)
0x0000700006366c10:   00007fa4a6c22be8 0000000000000052
0x0000700006366c20:   0000000000020000 fffffffffffe0000
0x0000700006366c30:   0000700006366c90 000000010dee2fd9
0x0000700006366c40:   0000000000000050 000000000000005a
0x0000700006366c50:   0000000000000050 000000010df517d8
0x0000700006366c60:   000070000563c708 000070000563c708
0x0000700006366c70:   00007fa4a6c22be0 00007fa4a6e14c70
0x0000700006366c80:   00007fa4a6c22be0 0000700006366ca8
0x0000700006366c90:   0000700006366cf0 000000010db350bf
0x0000700006366ca0:   000000010e129628 000000010e129628
0x0000700006366cb0:   000001c82c86997b 000003350aac0e46
0x0000700006366cc0:   00007fa400000003 00007fa4a6e14c70
0x0000700006366cd0:   00007fa400000003 00007fa4aa378380
0x0000700006366ce0:   000070000563c6e8 0000000000000003
0x0000700006366cf0:   0000700006366df0 000000010db34c45
0x0000700006366d00:   000000010e129648 000001c82c7b6d21
0x0000700006366d10:   000003350a97f246 00007fa400000001
0x0000700006366d20:   00007fa4a6e14c70 0000000000000003
0x0000700006366d30:   0000000000000000 0000000000000000
0x0000700006366d40:   0000000000000000 0000000000000000
0x0000700006366d50:   00007fa4aa378380 000001c82c7b6e15
0x0000700006366d60:   000003350a97f378 0000700006366d30
0x0000700006366d70:   0000700006366d40 000000010db21e00
0x0000700006366d80:   00007fa4aa378380 000070000563c890
0x0000700006366d90:   0000000000000003 0000000000000000
0x0000700006366da0:   0000000000000003 00007fa4aa378380
0x0000700006366db0:   0000000000000000 000000010db2273a
0x0000700006366dc0:   0000004000000081 00007fa4a6d093c0
0x0000700006366dd0:   000070000563c590 0000000000000000
0x0000700006366de0:   0000000000000003 00007fa4aa378380
0x0000700006366df0:   0000700006366f00 000000010dafa76b
0x0000700006366e00:   00007000077a2b48 00007fa4a8398000 

Instructions: (pc=0x000000010db32bbe)
0x000000010db32b9e:   01 00 00 49 89 f7 49 89 fe 48 8b 47 08 8a 88 f0
0x000000010db32bae:   06 00 00 48 89 d6 48 d3 ee 48 8b 88 e0 06 00 00
0x000000010db32bbe:   8a 1c 31 84 db 7e 35 48 8b 0a 89 c8 83 e0 03 be
0x000000010db32bce:   03 00 00 00 48 39 f0 75 5a 48 8d 15 9c 7b 61 00 

Stack slot to memory mapping:
stack at sp + 0 slots: 0x00007fa4a6c22be8 points into unknown readable memory: 0x000000010e12a300 | 00 a3 12 0e 01 00 00 00
stack at sp + 1 slots: 0x0000000000000052 is an unknown value
stack at sp + 2 slots: 0x0000000000020000 is an unknown value
stack at sp + 3 slots: 0xfffffffffffe0000 is an unknown value
stack at sp + 4 slots: 0x0000700006366c90 points into unknown readable memory: 0x0000700006366cf0 | f0 6c 36 06 00 70 00 00
stack at sp + 5 slots: 0x000000010dee2fd9: _ZN11StringTable25possibly_parallel_oops_doEPN10OopStorage8ParStateILb0ELb0EEEP10OopClosure+0x63 in /Library/Java/JavaVirtualMachines/jdk-11.0.12.jdk/Contents/Home/lib/server/libjvm.dylib at 0x000000010d800000
stack at sp + 6 slots: 0x0000000000000050 is an unknown value
stack at sp + 7 slots: 0x000000000000005a is an unknown value


---------------  P R O C E S S  ---------------

Threads class SMR info:
_java_thread_list=0x00007fa4aa3753f0, length=29, elements={
0x00007fa4a7842800, 0x00007fa4a780d800, 0x00007fa4a8024000, 0x00007fa4a7844000,
0x00007fa4a8027000, 0x00007fa4a909d000, 0x00007fa4a808e000, 0x00007fa4a81c8800,
0x00007fa4a7a70800, 0x00007fa4a9120000, 0x00007fa4a7b40800, 0x00007fa4a7cf1800,
0x00007fa4a7dc1800, 0x00007fa4a8476800, 0x00007fa4a8467000, 0x00007fa4a7f18800,
0x00007fa4a7d1a000, 0x00007fa4a7fd9000, 0x00007fa4a83b4000, 0x00007fa4a8373800,
0x00007fa4a8686800, 0x00007fa4a780b000, 0x00007fa4a7042800, 0x00007fa4a912f000,
0x00007fa4a7c4d800, 0x00007fa4a8397000, 0x00007fa4a9166000, 0x00007fa4a8398000,
0x00007fa4a9167000
}

Java Threads: ( => current thread )
  0x00007fa4a7842800 JavaThread "Reference Handler" daemon [_thread_blocked, id=14083, stack(0x0000700005640000,0x0000700005740000)]
  0x00007fa4a780d800 JavaThread "Finalizer" daemon [_thread_blocked, id=14595, stack(0x0000700005743000,0x0000700005843000)]
  0x00007fa4a8024000 JavaThread "Signal Dispatcher" daemon [_thread_blocked, id=16899, stack(0x000070000594c000,0x0000700005a4c000)]
  0x00007fa4a7844000 JavaThread "Service Thread" daemon [_thread_blocked, id=22275, stack(0x0000700005a4f000,0x0000700005b4f000)]
  0x00007fa4a8027000 JavaThread "C1 CompilerThread0" daemon [_thread_blocked, id=22787, stack(0x0000700005b52000,0x0000700005c52000)]
  0x00007fa4a909d000 JavaThread "Sweeper thread" daemon [_thread_blocked, id=23299, stack(0x0000700005c55000,0x0000700005d55000)]
  0x00007fa4a808e000 JavaThread "Common-Cleaner" daemon [_thread_blocked, id=42499, stack(0x0000700005d58000,0x0000700005e58000)]
  0x00007fa4a81c8800 JavaThread "Monitor Ctrl-Break" daemon [_thread_in_native, id=24067, stack(0x0000700005e5b000,0x0000700005f5b000)]
  0x00007fa4a7a70800 JavaThread "RMI TCP Accept-0" daemon [_thread_in_native, id=41731, stack(0x0000700005f5e000,0x000070000605e000)]
  0x00007fa4a9120000 JavaThread "Attach Listener" daemon [_thread_blocked, id=25347, stack(0x000070000646d000,0x000070000656d000)]
  0x00007fa4a7b40800 JavaThread "RMI Scheduler(0)" daemon [_thread_blocked, id=38915, stack(0x0000700006673000,0x0000700006773000)]
  0x00007fa4a7cf1800 JavaThread "mysql-cj-abandoned-connection-cleanup" daemon [_thread_blocked, id=38435, stack(0x0000700006776000,0x0000700006876000)]
  0x00007fa4a7dc1800 JavaThread "HikariPool-1 housekeeper" daemon [_thread_blocked, id=37663, stack(0x000070000697c000,0x0000700006a7c000)]
  0x00007fa4a8476800 JavaThread "Catalina-utility-1" [_thread_blocked, id=27679, stack(0x0000700006b82000,0x0000700006c82000)]
  0x00007fa4a8467000 JavaThread "Catalina-utility-2" [_thread_blocked, id=36867, stack(0x0000700006c85000,0x0000700006d85000)]
  0x00007fa4a7f18800 JavaThread "container-0" [_thread_blocked, id=36611, stack(0x0000700006d88000,0x0000700006e88000)]
  0x00007fa4a7d1a000 JavaThread "https-jsse-nio-127.0.0.1-8080-Poller" daemon [_thread_in_native, id=26895, stack(0x0000700006a7f000,0x0000700006b7f000)]
  0x00007fa4a7fd9000 JavaThread "https-jsse-nio-127.0.0.1-8080-Acceptor" daemon [_thread_in_native, id=29967, stack(0x0000700006f8e000,0x000070000708e000)]
  0x00007fa4a83b4000 JavaThread "DestroyJavaVM" [_thread_blocked, id=10243, stack(0x0000700004f2b000,0x000070000502b000)]
  0x00007fa4a8373800 JavaThread "https-jsse-nio-127.0.0.1-8080-exec-1" daemon [_thread_blocked, id=39431, stack(0x0000700006570000,0x0000700006670000)]
  0x00007fa4a8686800 JavaThread "https-jsse-nio-127.0.0.1-8080-exec-2" daemon [_thread_blocked, id=28939, stack(0x0000700006e8b000,0x0000700006f8b000)]
  0x00007fa4a780b000 JavaThread "https-jsse-nio-127.0.0.1-8080-exec-3" daemon [_thread_blocked, id=36103, stack(0x0000700007091000,0x0000700007191000)]
  0x00007fa4a7042800 JavaThread "https-jsse-nio-127.0.0.1-8080-exec-4" daemon [_thread_blocked, id=30475, stack(0x0000700007194000,0x0000700007294000)]
  0x00007fa4a912f000 JavaThread "https-jsse-nio-127.0.0.1-8080-exec-5" daemon [_thread_blocked, id=35851, stack(0x0000700007297000,0x0000700007397000)]
  0x00007fa4a7c4d800 JavaThread "https-jsse-nio-127.0.0.1-8080-exec-6" daemon [_thread_blocked, id=31499, stack(0x000070000739a000,0x000070000749a000)]
  0x00007fa4a8397000 JavaThread "https-jsse-nio-127.0.0.1-8080-exec-7" daemon [_thread_blocked, id=32267, stack(0x000070000749d000,0x000070000759d000)]
  0x00007fa4a9166000 JavaThread "https-jsse-nio-127.0.0.1-8080-exec-8" daemon [_thread_blocked, id=34563, stack(0x00007000075a0000,0x00007000076a0000)]
  0x00007fa4a8398000 JavaThread "https-jsse-nio-127.0.0.1-8080-exec-9" daemon [_thread_blocked, id=33795, stack(0x00007000076a3000,0x00007000077a3000)]
  0x00007fa4a9167000 JavaThread "https-jsse-nio-127.0.0.1-8080-exec-10" daemon [_thread_blocked, id=33027, stack(0x00007000077a6000,0x00007000078a6000)]

Other Threads:
  0x00007fa4a7022800 VMThread "VM Thread" [stack: 0x000070000553d000,0x000070000563d000] [id=13571]
  0x00007fa4a7a8e000 WatcherThread [stack: 0x0000700006061000,0x0000700006161000] [id=24579]
  0x00007fa4a781d800 GCTaskThread "GC Thread#0" [stack: 0x000070000502e000,0x000070000512e000] [id=20995]
  0x00007fa4a8326800 GCTaskThread "GC Thread#1" [stack: 0x0000700006164000,0x0000700006264000] [id=41219]
=>0x00007fa4a8327000 GCTaskThread "GC Thread#2" [stack: 0x0000700006267000,0x0000700006367000] [id=40707]
  0x00007fa4a8454000 GCTaskThread "GC Thread#3" [stack: 0x0000700006879000,0x0000700006979000] [id=26375]
  0x00007fa4a9029800 ConcurrentGCThread "G1 Main Marker" [stack: 0x0000700005131000,0x0000700005231000] [id=20483]
  0x00007fa4a781e800 ConcurrentGCThread "G1 Conc#0" [stack: 0x0000700005234000,0x0000700005334000] [id=11779]
  0x00007fa4a907a800 ConcurrentGCThread "G1 Refine#0" [stack: 0x0000700005337000,0x0000700005437000] [id=12035]
  0x00007fa4a911f000 ConcurrentGCThread "G1 Refine#1" [stack: 0x000070000636a000,0x000070000646a000] [id=25091]
  0x00007fa4a907b000 ConcurrentGCThread "G1 Young RemSet Sampling" [stack: 0x000070000543a000,0x000070000553a000] [id=12547]

Threads with active compile tasks:

VM state:at safepoint (normal execution)

VM Mutex/Monitor currently owned by a thread:  ([mutex/lock_event])
[0x00007fa4a6d060a0] Threads_lock - owner thread: 0x00007fa4a7022800
[0x00007fa4a6d067a0] Heap_lock - owner thread: 0x00007fa4a9167000

Heap address: 0x0000000780000000, size: 2048 MB, Compressed Oops mode: Zero based, Oop shift amount: 3
Narrow klass base: 0x0000000800000000, Narrow klass shift: 0
Compressed class space size: 1073741824 Address: 0x0000000800000000

Heap:
 garbage-first heap   total 189440K, used 140261K [0x0000000780000000, 0x0000000800000000)
  region size 1024K, 99 young (101376K), 3 survivors (3072K)
 Metaspace       used 74972K, capacity 77372K, committed 77596K, reserved 1116160K
  class space    used 9908K, capacity 10830K, committed 10860K, reserved 1048576K
Heap Regions: E=young(eden), S=young(survivor), O=old, HS=humongous(starts), HC=humongous(continues), CS=collection set, F=free, A=archive, TAMS=top-at-mark-start (previous, next)
|   0|0x0000000780000000, 0x0000000780100000, 0x0000000780100000|100%|HS|  |TAMS 0x0000000780100000, 0x0000000780000000| Complete 
|   1|0x0000000780100000, 0x0000000780200000, 0x0000000780200000|100%| O|  |TAMS 0x0000000780200000, 0x0000000780100000| Untracked 
|   2|0x0000000780200000, 0x0000000780300000, 0x0000000780300000|100%| O|  |TAMS 0x0000000780300000, 0x0000000780200000| Untracked 
|   3|0x0000000780300000, 0x0000000780400000, 0x0000000780400000|100%| O|  |TAMS 0x0000000780400000, 0x0000000780300000| Untracked 
|   4|0x0000000780400000, 0x0000000780500000, 0x0000000780500000|100%| O|  |TAMS 0x0000000780500000, 0x0000000780400000| Untracked 
|   5|0x0000000780500000, 0x0000000780600000, 0x0000000780600000|100%| O|  |TAMS 0x0000000780600000, 0x0000000780500000| Untracked 
|   6|0x0000000780600000, 0x0000000780700000, 0x0000000780700000|100%| O|  |TAMS 0x0000000780700000, 0x0000000780600000| Untracked 
|   7|0x0000000780700000, 0x0000000780800000, 0x0000000780800000|100%| O|  |TAMS 0x0000000780800000, 0x0000000780700000| Untracked 
|   8|0x0000000780800000, 0x0000000780900000, 0x0000000780900000|100%| O|  |TAMS 0x0000000780900000, 0x0000000780800000| Untracked 
|   9|0x0000000780900000, 0x0000000780a00000, 0x0000000780a00000|100%| O|  |TAMS 0x0000000780a00000, 0x0000000780900000| Untracked 
|  10|0x0000000780a00000, 0x0000000780b00000, 0x0000000780b00000|100%| O|  |TAMS 0x0000000780b00000, 0x0000000780a00000| Untracked 
|  11|0x0000000780b00000, 0x0000000780c00000, 0x0000000780c00000|100%| O|  |TAMS 0x0000000780c00000, 0x0000000780b00000| Untracked 
|  12|0x0000000780c00000, 0x0000000780d00000, 0x0000000780d00000|100%| O|  |TAMS 0x0000000780d00000, 0x0000000780c00000| Untracked 
|  13|0x0000000780d00000, 0x0000000780e00000, 0x0000000780e00000|100%| O|  |TAMS 0x0000000780e00000, 0x0000000780d00000| Untracked 
|  14|0x0000000780e00000, 0x0000000780f00000, 0x0000000780f00000|100%| O|  |TAMS 0x0000000780f00000, 0x0000000780e00000| Untracked 
|  15|0x0000000780f00000, 0x0000000781000000, 0x0000000781000000|100%| O|  |TAMS 0x0000000781000000, 0x0000000780f00000| Untracked 
|  16|0x0000000781000000, 0x0000000781100000, 0x0000000781100000|100%| O|  |TAMS 0x0000000781100000, 0x0000000781000000| Untracked 
|  17|0x0000000781100000, 0x0000000781200000, 0x0000000781200000|100%| O|  |TAMS 0x0000000781200000, 0x0000000781100000| Untracked 
|  18|0x0000000781200000, 0x0000000781300000, 0x0000000781300000|100%| O|  |TAMS 0x0000000781300000, 0x0000000781200000| Untracked 
|  19|0x0000000781300000, 0x0000000781400000, 0x0000000781400000|100%| O|  |TAMS 0x0000000781400000, 0x0000000781300000| Untracked 
|  20|0x0000000781400000, 0x0000000781500000, 0x0000000781500000|100%| O|  |TAMS 0x0000000781500000, 0x0000000781400000| Untracked 
|  21|0x0000000781500000, 0x0000000781600000, 0x0000000781600000|100%| O|  |TAMS 0x0000000781600000, 0x0000000781500000| Untracked 
|  22|0x0000000781600000, 0x0000000781700000, 0x0000000781700000|100%| O|  |TAMS 0x0000000781686800, 0x0000000781600000| Untracked 
|  23|0x0000000781700000, 0x0000000781800000, 0x0000000781800000|100%| O|  |TAMS 0x0000000781700000, 0x0000000781700000| Untracked 
|  24|0x0000000781800000, 0x0000000781900000, 0x0000000781900000|100%| O|  |TAMS 0x0000000781800000, 0x0000000781800000| Untracked 
|  25|0x0000000781900000, 0x0000000781a00000, 0x0000000781a00000|100%| O|  |TAMS 0x0000000781900000, 0x0000000781900000| Untracked 
|  26|0x0000000781a00000, 0x0000000781b00000, 0x0000000781b00000|100%| O|  |TAMS 0x0000000781a00000, 0x0000000781a00000| Untracked 
|  27|0x0000000781b00000, 0x0000000781c00000, 0x0000000781c00000|100%| O|  |TAMS 0x0000000781b00000, 0x0000000781b00000| Untracked 
|  28|0x0000000781c00000, 0x0000000781d00000, 0x0000000781d00000|100%| O|  |TAMS 0x0000000781c00000, 0x0000000781c00000| Untracked 
|  29|0x0000000781d00000, 0x0000000781e00000, 0x0000000781e00000|100%| O|  |TAMS 0x0000000781d00000, 0x0000000781d00000| Untracked 
|  30|0x0000000781e00000, 0x0000000781f00000, 0x0000000781f00000|100%| O|  |TAMS 0x0000000781e00000, 0x0000000781e00000| Untracked 
|  31|0x0000000781f00000, 0x0000000781f00000, 0x0000000782000000|  0%| F|  |TAMS 0x0000000781f00000, 0x0000000781f00000| Untracked 
|  32|0x0000000782000000, 0x0000000782000000, 0x0000000782100000|  0%| F|  |TAMS 0x0000000782000000, 0x0000000782000000| Untracked 
|  33|0x0000000782100000, 0x0000000782100000, 0x0000000782200000|  0%| F|  |TAMS 0x0000000782100000, 0x0000000782100000| Untracked 
|  34|0x0000000782200000, 0x0000000782200000, 0x0000000782300000|  0%| F|  |TAMS 0x0000000782200000, 0x0000000782200000| Untracked 
|  35|0x0000000782300000, 0x0000000782300000, 0x0000000782400000|  0%| F|  |TAMS 0x0000000782300000, 0x0000000782300000| Untracked 
|  36|0x0000000782400000, 0x0000000782400000, 0x0000000782500000|  0%| F|  |TAMS 0x0000000782400000, 0x0000000782400000| Untracked 
|  37|0x0000000782500000, 0x0000000782500000, 0x0000000782600000|  0%| F|  |TAMS 0x0000000782500000, 0x0000000782500000| Untracked 
|  38|0x0000000782600000, 0x0000000782600000, 0x0000000782700000|  0%| F|  |TAMS 0x0000000782600000, 0x0000000782600000| Untracked 
|  39|0x0000000782700000, 0x0000000782700000, 0x0000000782800000|  0%| F|  |TAMS 0x0000000782700000, 0x0000000782700000| Untracked 
|  40|0x0000000782800000, 0x0000000782800000, 0x0000000782900000|  0%| F|  |TAMS 0x0000000782800000, 0x0000000782800000| Untracked 
|  41|0x0000000782900000, 0x0000000782900000, 0x0000000782a00000|  0%| F|  |TAMS 0x0000000782900000, 0x0000000782900000| Untracked 
|  42|0x0000000782a00000, 0x0000000782a00000, 0x0000000782b00000|  0%| F|  |TAMS 0x0000000782a00000, 0x0000000782a00000| Untracked 
|  43|0x0000000782b00000, 0x0000000782b00000, 0x0000000782c00000|  0%| F|  |TAMS 0x0000000782b00000, 0x0000000782b00000| Untracked 
|  44|0x0000000782c00000, 0x0000000782c00000, 0x0000000782d00000|  0%| F|  |TAMS 0x0000000782c00000, 0x0000000782c00000| Untracked 
|  45|0x0000000782d00000, 0x0000000782d00000, 0x0000000782e00000|  0%| F|  |TAMS 0x0000000782d00000, 0x0000000782d00000| Untracked 
|  46|0x0000000782e00000, 0x0000000782e00000, 0x0000000782f00000|  0%| F|  |TAMS 0x0000000782e00000, 0x0000000782e00000| Untracked 
|  47|0x0000000782f00000, 0x0000000782f00000, 0x0000000783000000|  0%| F|  |TAMS 0x0000000782f00000, 0x0000000782f00000| Untracked 
|  48|0x0000000783000000, 0x0000000783000000, 0x0000000783100000|  0%| F|  |TAMS 0x0000000783000000, 0x0000000783000000| Untracked 
|  49|0x0000000783100000, 0x0000000783100000, 0x0000000783200000|  0%| F|  |TAMS 0x0000000783100000, 0x0000000783100000| Untracked 
|  50|0x0000000783200000, 0x0000000783200000, 0x0000000783300000|  0%| F|  |TAMS 0x0000000783200000, 0x0000000783200000| Untracked 
|  51|0x0000000783300000, 0x0000000783400000, 0x0000000783400000|100%| E|CS|TAMS 0x0000000783300000, 0x0000000783300000| Complete 
|  52|0x0000000783400000, 0x0000000783400000, 0x0000000783500000|  0%| F|  |TAMS 0x0000000783400000, 0x0000000783400000| Untracked 
|  53|0x0000000783500000, 0x0000000783500000, 0x0000000783600000|  0%| F|  |TAMS 0x0000000783500000, 0x0000000783500000| Untracked 
|  54|0x0000000783600000, 0x0000000783600000, 0x0000000783700000|  0%| F|  |TAMS 0x0000000783600000, 0x0000000783600000| Untracked 
|  55|0x0000000783700000, 0x0000000783700000, 0x0000000783800000|  0%| F|  |TAMS 0x0000000783700000, 0x0000000783700000| Untracked 
|  56|0x0000000783800000, 0x0000000783800000, 0x0000000783900000|  0%| F|  |TAMS 0x0000000783800000, 0x0000000783800000| Untracked 
|  57|0x0000000783900000, 0x0000000783a00000, 0x0000000783a00000|100%| E|CS|TAMS 0x0000000783900000, 0x0000000783900000| Complete 
|  58|0x0000000783a00000, 0x0000000783b00000, 0x0000000783b00000|100%| E|CS|TAMS 0x0000000783a00000, 0x0000000783a00000| Complete 
|  59|0x0000000783b00000, 0x0000000783c00000, 0x0000000783c00000|100%| E|CS|TAMS 0x0000000783b00000, 0x0000000783b00000| Complete 
|  60|0x0000000783c00000, 0x0000000783d00000, 0x0000000783d00000|100%| E|CS|TAMS 0x0000000783c00000, 0x0000000783c00000| Complete 
|  61|0x0000000783d00000, 0x0000000783e00000, 0x0000000783e00000|100%| E|CS|TAMS 0x0000000783d00000, 0x0000000783d00000| Complete 
|  62|0x0000000783e00000, 0x0000000783f00000, 0x0000000783f00000|100%| E|CS|TAMS 0x0000000783e00000, 0x0000000783e00000| Complete 
|  63|0x0000000783f00000, 0x0000000784000000, 0x0000000784000000|100%| E|CS|TAMS 0x0000000783f00000, 0x0000000783f00000| Complete 
|  64|0x0000000784000000, 0x0000000784100000, 0x0000000784100000|100%| E|CS|TAMS 0x0000000784000000, 0x0000000784000000| Complete 
|  65|0x0000000784100000, 0x0000000784100000, 0x0000000784200000|  0%| F|  |TAMS 0x0000000784100000, 0x0000000784100000| Untracked 
|  66|0x0000000784200000, 0x0000000784200000, 0x0000000784300000|  0%| F|  |TAMS 0x0000000784200000, 0x0000000784200000| Untracked 
|  67|0x0000000784300000, 0x0000000784300000, 0x0000000784400000|  0%| F|  |TAMS 0x0000000784300000, 0x0000000784300000| Untracked 
|  68|0x0000000784400000, 0x0000000784400000, 0x0000000784500000|  0%| F|  |TAMS 0x0000000784400000, 0x0000000784400000| Untracked 
|  69|0x0000000784500000, 0x0000000784500000, 0x0000000784600000|  0%| F|  |TAMS 0x0000000784500000, 0x0000000784500000| Untracked 
|  70|0x0000000784600000, 0x0000000784700000, 0x0000000784700000|100%| E|CS|TAMS 0x0000000784600000, 0x0000000784600000| Complete 
|  71|0x0000000784700000, 0x0000000784800000, 0x0000000784800000|100%| E|CS|TAMS 0x0000000784700000, 0x0000000784700000| Complete 
|  72|0x0000000784800000, 0x0000000784800000, 0x0000000784900000|  0%| F|  |TAMS 0x0000000784800000, 0x0000000784800000| Untracked 
|  73|0x0000000784900000, 0x0000000784900000, 0x0000000784a00000|  0%| F|  |TAMS 0x0000000784900000, 0x0000000784900000| Untracked 
|  74|0x0000000784a00000, 0x0000000784a00000, 0x0000000784b00000|  0%| F|  |TAMS 0x0000000784a00000, 0x0000000784a00000| Untracked 
|  75|0x0000000784b00000, 0x0000000784b00000, 0x0000000784c00000|  0%| F|  |TAMS 0x0000000784b00000, 0x0000000784b00000| Untracked 
|  76|0x0000000784c00000, 0x0000000784c00000, 0x0000000784d00000|  0%| F|  |TAMS 0x0000000784c00000, 0x0000000784c00000| Untracked 
|  77|0x0000000784d00000, 0x0000000784d00000, 0x0000000784e00000|  0%| F|  |TAMS 0x0000000784d00000, 0x0000000784d00000| Untracked 
|  78|0x0000000784e00000, 0x0000000784e00000, 0x0000000784f00000|  0%| F|  |TAMS 0x0000000784e00000, 0x0000000784e00000| Untracked 
|  79|0x0000000784f00000, 0x0000000784f00000, 0x0000000785000000|  0%| F|  |TAMS 0x0000000784f00000, 0x0000000784f00000| Untracked 
|  80|0x0000000785000000, 0x0000000785000000, 0x0000000785100000|  0%| F|  |TAMS 0x0000000785000000, 0x0000000785000000| Untracked 
|  81|0x0000000785100000, 0x0000000785100000, 0x0000000785200000|  0%| F|  |TAMS 0x0000000785100000, 0x0000000785100000| Untracked 
|  82|0x0000000785200000, 0x0000000785200000, 0x0000000785300000|  0%| F|  |TAMS 0x0000000785200000, 0x0000000785200000| Untracked 
|  83|0x0000000785300000, 0x0000000785300000, 0x0000000785400000|  0%| F|  |TAMS 0x0000000785300000, 0x0000000785300000| Untracked 
|  84|0x0000000785400000, 0x0000000785400000, 0x0000000785500000|  0%| F|  |TAMS 0x0000000785400000, 0x0000000785400000| Untracked 
|  85|0x0000000785500000, 0x0000000785500000, 0x0000000785600000|  0%| F|  |TAMS 0x0000000785500000, 0x0000000785500000| Untracked 
|  86|0x0000000785600000, 0x000000078567c228, 0x0000000785700000| 48%| S|  |TAMS 0x0000000785600000, 0x0000000785600000| Complete 
|  87|0x0000000785700000, 0x0000000785800000, 0x0000000785800000|100%| S|  |TAMS 0x0000000785700000, 0x0000000785700000| Complete 
|  88|0x0000000785800000, 0x0000000785900000, 0x0000000785900000|100%| S|  |TAMS 0x0000000785800000, 0x0000000785800000| Complete 
|  89|0x0000000785900000, 0x0000000785a00000, 0x0000000785a00000|100%| E|CS|TAMS 0x0000000785900000, 0x0000000785900000| Complete 
|  90|0x0000000785a00000, 0x0000000785b00000, 0x0000000785b00000|100%| E|CS|TAMS 0x0000000785a00000, 0x0000000785a00000| Complete 
|  91|0x0000000785b00000, 0x0000000785c00000, 0x0000000785c00000|100%| E|CS|TAMS 0x0000000785b00000, 0x0000000785b00000| Complete 
|  92|0x0000000785c00000, 0x0000000785d00000, 0x0000000785d00000|100%| E|CS|TAMS 0x0000000785c00000, 0x0000000785c00000| Complete 
|  93|0x0000000785d00000, 0x0000000785e00000, 0x0000000785e00000|100%| E|CS|TAMS 0x0000000785d00000, 0x0000000785d00000| Complete 
|  94|0x0000000785e00000, 0x0000000785f00000, 0x0000000785f00000|100%| E|CS|TAMS 0x0000000785e00000, 0x0000000785e00000| Complete 
|  95|0x0000000785f00000, 0x0000000786000000, 0x0000000786000000|100%| E|CS|TAMS 0x0000000785f00000, 0x0000000785f00000| Complete 
|  96|0x0000000786000000, 0x0000000786100000, 0x0000000786100000|100%| E|CS|TAMS 0x0000000786000000, 0x0000000786000000| Complete 
|  97|0x0000000786100000, 0x0000000786200000, 0x0000000786200000|100%| E|CS|TAMS 0x0000000786100000, 0x0000000786100000| Complete 
|  98|0x0000000786200000, 0x0000000786300000, 0x0000000786300000|100%| E|CS|TAMS 0x0000000786200000, 0x0000000786200000| Complete 
|  99|0x0000000786300000, 0x0000000786400000, 0x0000000786400000|100%| E|CS|TAMS 0x0000000786300000, 0x0000000786300000| Complete 
| 100|0x0000000786400000, 0x0000000786500000, 0x0000000786500000|100%| E|CS|TAMS 0x0000000786400000, 0x0000000786400000| Complete 
| 101|0x0000000786500000, 0x0000000786600000, 0x0000000786600000|100%| E|CS|TAMS 0x0000000786500000, 0x0000000786500000| Complete 
| 102|0x0000000786600000, 0x0000000786700000, 0x0000000786700000|100%| E|CS|TAMS 0x0000000786600000, 0x0000000786600000| Complete 
| 103|0x0000000786700000, 0x0000000786800000, 0x0000000786800000|100%| E|CS|TAMS 0x0000000786700000, 0x0000000786700000| Complete 
| 104|0x0000000786800000, 0x0000000786900000, 0x0000000786900000|100%| E|CS|TAMS 0x0000000786800000, 0x0000000786800000| Complete 
| 105|0x0000000786900000, 0x0000000786a00000, 0x0000000786a00000|100%| E|CS|TAMS 0x0000000786900000, 0x0000000786900000| Complete 
| 106|0x0000000786a00000, 0x0000000786b00000, 0x0000000786b00000|100%| E|CS|TAMS 0x0000000786a00000, 0x0000000786a00000| Complete 
| 107|0x0000000786b00000, 0x0000000786c00000, 0x0000000786c00000|100%| E|CS|TAMS 0x0000000786b00000, 0x0000000786b00000| Complete 
| 108|0x0000000786c00000, 0x0000000786d00000, 0x0000000786d00000|100%| E|CS|TAMS 0x0000000786c00000, 0x0000000786c00000| Complete 
| 109|0x0000000786d00000, 0x0000000786e00000, 0x0000000786e00000|100%| E|CS|TAMS 0x0000000786d00000, 0x0000000786d00000| Complete 
| 110|0x0000000786e00000, 0x0000000786f00000, 0x0000000786f00000|100%| E|CS|TAMS 0x0000000786e00000, 0x0000000786e00000| Complete 
| 111|0x0000000786f00000, 0x0000000787000000, 0x0000000787000000|100%| E|CS|TAMS 0x0000000786f00000, 0x0000000786f00000| Complete 
| 112|0x0000000787000000, 0x0000000787100000, 0x0000000787100000|100%| E|CS|TAMS 0x0000000787000000, 0x0000000787000000| Complete 
| 113|0x0000000787100000, 0x0000000787200000, 0x0000000787200000|100%| E|CS|TAMS 0x0000000787100000, 0x0000000787100000| Complete 
| 114|0x0000000787200000, 0x0000000787300000, 0x0000000787300000|100%| E|CS|TAMS 0x0000000787200000, 0x0000000787200000| Complete 
| 115|0x0000000787300000, 0x0000000787400000, 0x0000000787400000|100%| E|CS|TAMS 0x0000000787300000, 0x0000000787300000| Complete 
| 116|0x0000000787400000, 0x0000000787500000, 0x0000000787500000|100%| E|CS|TAMS 0x0000000787400000, 0x0000000787400000| Complete 
| 117|0x0000000787500000, 0x0000000787600000, 0x0000000787600000|100%| E|CS|TAMS 0x0000000787500000, 0x0000000787500000| Complete 
| 118|0x0000000787600000, 0x0000000787700000, 0x0000000787700000|100%| E|CS|TAMS 0x0000000787600000, 0x0000000787600000| Complete 
| 119|0x0000000787700000, 0x0000000787800000, 0x0000000787800000|100%| E|CS|TAMS 0x0000000787700000, 0x0000000787700000| Complete 
| 120|0x0000000787800000, 0x0000000787900000, 0x0000000787900000|100%| E|CS|TAMS 0x0000000787800000, 0x0000000787800000| Complete 
| 121|0x0000000787900000, 0x0000000787a00000, 0x0000000787a00000|100%| E|CS|TAMS 0x0000000787900000, 0x0000000787900000| Complete 
| 122|0x0000000787a00000, 0x0000000787b00000, 0x0000000787b00000|100%| E|CS|TAMS 0x0000000787a00000, 0x0000000787a00000| Complete 
| 123|0x0000000787b00000, 0x0000000787c00000, 0x0000000787c00000|100%| E|CS|TAMS 0x0000000787b00000, 0x0000000787b00000| Complete 
| 124|0x0000000787c00000, 0x0000000787d00000, 0x0000000787d00000|100%| E|CS|TAMS 0x0000000787c00000, 0x0000000787c00000| Complete 
| 125|0x0000000787d00000, 0x0000000787e00000, 0x0000000787e00000|100%| E|CS|TAMS 0x0000000787d00000, 0x0000000787d00000| Complete 
| 126|0x0000000787e00000, 0x0000000787f00000, 0x0000000787f00000|100%| E|CS|TAMS 0x0000000787e00000, 0x0000000787e00000| Complete 
| 127|0x0000000787f00000, 0x0000000788000000, 0x0000000788000000|100%| E|CS|TAMS 0x0000000787f00000, 0x0000000787f00000| Complete 
| 128|0x0000000788000000, 0x0000000788100000, 0x0000000788100000|100%| E|CS|TAMS 0x0000000788000000, 0x0000000788000000| Complete 
| 129|0x0000000788100000, 0x0000000788200000, 0x0000000788200000|100%| E|CS|TAMS 0x0000000788100000, 0x0000000788100000| Complete 
| 130|0x0000000788200000, 0x0000000788300000, 0x0000000788300000|100%| E|CS|TAMS 0x0000000788200000, 0x0000000788200000| Complete 
| 131|0x0000000788300000, 0x0000000788400000, 0x0000000788400000|100%| E|CS|TAMS 0x0000000788300000, 0x0000000788300000| Complete 
| 132|0x0000000788400000, 0x0000000788500000, 0x0000000788500000|100%| E|CS|TAMS 0x0000000788400000, 0x0000000788400000| Complete 
| 133|0x0000000788500000, 0x0000000788600000, 0x0000000788600000|100%| E|CS|TAMS 0x0000000788500000, 0x0000000788500000| Complete 
| 134|0x0000000788600000, 0x0000000788700000, 0x0000000788700000|100%| E|CS|TAMS 0x0000000788600000, 0x0000000788600000| Complete 
| 135|0x0000000788700000, 0x0000000788800000, 0x0000000788800000|100%| E|CS|TAMS 0x0000000788700000, 0x0000000788700000| Complete 
| 136|0x0000000788800000, 0x0000000788900000, 0x0000000788900000|100%| E|CS|TAMS 0x0000000788800000, 0x0000000788800000| Complete 
| 137|0x0000000788900000, 0x0000000788a00000, 0x0000000788a00000|100%| E|CS|TAMS 0x0000000788900000, 0x0000000788900000| Complete 
| 138|0x0000000788a00000, 0x0000000788b00000, 0x0000000788b00000|100%| E|CS|TAMS 0x0000000788a00000, 0x0000000788a00000| Complete 
| 139|0x0000000788b00000, 0x0000000788c00000, 0x0000000788c00000|100%| E|CS|TAMS 0x0000000788b00000, 0x0000000788b00000| Complete 
| 140|0x0000000788c00000, 0x0000000788d00000, 0x0000000788d00000|100%| E|CS|TAMS 0x0000000788c00000, 0x0000000788c00000| Complete 
| 141|0x0000000788d00000, 0x0000000788e00000, 0x0000000788e00000|100%| E|CS|TAMS 0x0000000788d00000, 0x0000000788d00000| Complete 
| 142|0x0000000788e00000, 0x0000000788f00000, 0x0000000788f00000|100%| E|CS|TAMS 0x0000000788e00000, 0x0000000788e00000| Complete 
| 143|0x0000000788f00000, 0x0000000789000000, 0x0000000789000000|100%| E|CS|TAMS 0x0000000788f00000, 0x0000000788f00000| Complete 
| 144|0x0000000789000000, 0x0000000789100000, 0x0000000789100000|100%| E|CS|TAMS 0x0000000789000000, 0x0000000789000000| Complete 
| 145|0x0000000789100000, 0x0000000789200000, 0x0000000789200000|100%| E|CS|TAMS 0x0000000789100000, 0x0000000789100000| Complete 
| 146|0x0000000789200000, 0x0000000789300000, 0x0000000789300000|100%| E|CS|TAMS 0x0000000789200000, 0x0000000789200000| Complete 
| 147|0x0000000789300000, 0x0000000789400000, 0x0000000789400000|100%| E|CS|TAMS 0x0000000789300000, 0x0000000789300000| Complete 
| 148|0x0000000789400000, 0x0000000789500000, 0x0000000789500000|100%| E|CS|TAMS 0x0000000789400000, 0x0000000789400000| Complete 
| 149|0x0000000789500000, 0x0000000789600000, 0x0000000789600000|100%| E|CS|TAMS 0x0000000789500000, 0x0000000789500000| Complete 
| 150|0x0000000789600000, 0x0000000789700000, 0x0000000789700000|100%| E|CS|TAMS 0x0000000789600000, 0x0000000789600000| Complete 
| 151|0x0000000789700000, 0x0000000789800000, 0x0000000789800000|100%| E|CS|TAMS 0x0000000789700000, 0x0000000789700000| Complete 
| 152|0x0000000789800000, 0x0000000789900000, 0x0000000789900000|100%| E|CS|TAMS 0x0000000789800000, 0x0000000789800000| Complete 
| 153|0x0000000789900000, 0x0000000789a00000, 0x0000000789a00000|100%| E|CS|TAMS 0x0000000789900000, 0x0000000789900000| Complete 
| 154|0x0000000789a00000, 0x0000000789b00000, 0x0000000789b00000|100%| E|CS|TAMS 0x0000000789a00000, 0x0000000789a00000| Complete 
| 155|0x0000000789b00000, 0x0000000789c00000, 0x0000000789c00000|100%| E|CS|TAMS 0x0000000789b00000, 0x0000000789b00000| Complete 
| 156|0x0000000789c00000, 0x0000000789d00000, 0x0000000789d00000|100%| E|CS|TAMS 0x0000000789c00000, 0x0000000789c00000| Complete 
| 157|0x0000000789d00000, 0x0000000789e00000, 0x0000000789e00000|100%| E|CS|TAMS 0x0000000789d00000, 0x0000000789d00000| Complete 
| 158|0x0000000789e00000, 0x0000000789f00000, 0x0000000789f00000|100%| E|CS|TAMS 0x0000000789e00000, 0x0000000789e00000| Complete 
| 159|0x0000000789f00000, 0x000000078a000000, 0x000000078a000000|100%| E|CS|TAMS 0x0000000789f00000, 0x0000000789f00000| Complete 
| 160|0x000000078a000000, 0x000000078a100000, 0x000000078a100000|100%| E|CS|TAMS 0x000000078a000000, 0x000000078a000000| Complete 
| 161|0x000000078a100000, 0x000000078a200000, 0x000000078a200000|100%| E|CS|TAMS 0x000000078a100000, 0x000000078a100000| Complete 
| 162|0x000000078a200000, 0x000000078a300000, 0x000000078a300000|100%| E|CS|TAMS 0x000000078a200000, 0x000000078a200000| Complete 
| 163|0x000000078a300000, 0x000000078a400000, 0x000000078a400000|100%| E|CS|TAMS 0x000000078a300000, 0x000000078a300000| Complete 
| 164|0x000000078a400000, 0x000000078a500000, 0x000000078a500000|100%| E|CS|TAMS 0x000000078a400000, 0x000000078a400000| Complete 
| 165|0x000000078a500000, 0x000000078a600000, 0x000000078a600000|100%| E|CS|TAMS 0x000000078a500000, 0x000000078a500000| Complete 
| 166|0x000000078a600000, 0x000000078a700000, 0x000000078a700000|100%| E|CS|TAMS 0x000000078a600000, 0x000000078a600000| Complete 
| 167|0x000000078a700000, 0x000000078a800000, 0x000000078a800000|100%| E|CS|TAMS 0x000000078a700000, 0x000000078a700000| Complete 
| 168|0x000000078a800000, 0x000000078a900000, 0x000000078a900000|100%| E|CS|TAMS 0x000000078a800000, 0x000000078a800000| Complete 
| 169|0x000000078a900000, 0x000000078aa00000, 0x000000078aa00000|100%| E|CS|TAMS 0x000000078a900000, 0x000000078a900000| Complete 
| 170|0x000000078aa00000, 0x000000078ab00000, 0x000000078ab00000|100%| E|CS|TAMS 0x000000078aa00000, 0x000000078aa00000| Complete 
| 171|0x000000078ab00000, 0x000000078ac00000, 0x000000078ac00000|100%| E|CS|TAMS 0x000000078ab00000, 0x000000078ab00000| Complete 
| 172|0x000000078ac00000, 0x000000078ad00000, 0x000000078ad00000|100%| E|CS|TAMS 0x000000078ac00000, 0x000000078ac00000| Complete 
| 173|0x000000078ad00000, 0x000000078ae00000, 0x000000078ae00000|100%| E|CS|TAMS 0x000000078ad00000, 0x000000078ad00000| Complete 
| 174|0x000000078ae00000, 0x000000078af00000, 0x000000078af00000|100%| E|CS|TAMS 0x000000078ae00000, 0x000000078ae00000| Complete 
| 175|0x000000078af00000, 0x000000078b000000, 0x000000078b000000|100%| E|CS|TAMS 0x000000078af00000, 0x000000078af00000| Complete 
| 176|0x000000078b000000, 0x000000078b100000, 0x000000078b100000|100%| E|CS|TAMS 0x000000078b000000, 0x000000078b000000| Complete 
| 177|0x000000078b100000, 0x000000078b200000, 0x000000078b200000|100%| E|CS|TAMS 0x000000078b100000, 0x000000078b100000| Complete 
| 178|0x000000078b200000, 0x000000078b300000, 0x000000078b300000|100%| E|CS|TAMS 0x000000078b200000, 0x000000078b200000| Complete 
| 179|0x000000078b300000, 0x000000078b400000, 0x000000078b400000|100%| E|CS|TAMS 0x000000078b300000, 0x000000078b300000| Complete 
| 180|0x000000078b400000, 0x000000078b500000, 0x000000078b500000|100%| E|CS|TAMS 0x000000078b400000, 0x000000078b400000| Complete 
| 181|0x000000078b500000, 0x000000078b600000, 0x000000078b600000|100%| E|CS|TAMS 0x000000078b500000, 0x000000078b500000| Complete 
| 182|0x000000078b600000, 0x000000078b700000, 0x000000078b700000|100%| E|CS|TAMS 0x000000078b600000, 0x000000078b600000| Complete 
| 183|0x000000078b700000, 0x000000078b800000, 0x000000078b800000|100%| E|CS|TAMS 0x000000078b700000, 0x000000078b700000| Complete 
| 184|0x000000078b800000, 0x000000078b900000, 0x000000078b900000|100%| E|CS|TAMS 0x000000078b800000, 0x000000078b800000| Complete 

Card table byte_map: [0x0000000125a50000,0x0000000125e50000] _byte_map_base: 0x0000000121e50000

Marking Bits (Prev, Next): (CMBitMap*) 0x00007fa4a9021018, (CMBitMap*) 0x00007fa4a9021050
 Prev Bits: [0x0000000126250000, 0x0000000128250000)
 Next Bits: [0x0000000128250000, 0x000000012a250000)

Polling page: 0x000000010acee000

Metaspace:

Usage:
  Non-class:     64.98 MB capacity,    63.54 MB ( 98%) used,     1.17 MB (  2%) free+waste,   284.56 KB ( <1%) overhead. 
      Class:     10.58 MB capacity,     9.68 MB ( 91%) used,   782.95 KB (  7%) free+waste,   138.62 KB (  1%) overhead. 
       Both:     75.56 MB capacity,    73.22 MB ( 97%) used,     1.93 MB (  3%) free+waste,   423.19 KB ( <1%) overhead. 

Virtual space:
  Non-class space:       66.00 MB reserved,      65.17 MB ( 99%) committed 
      Class space:        1.00 GB reserved,      10.61 MB (  1%) committed 
             Both:        1.06 GB reserved,      75.78 MB (  7%) committed 

Chunk freelists:
   Non-Class:  256 bytes
       Class:  2.25 KB
        Both:  2.50 KB

CodeHeap 'non-profiled nmethods': size=238948Kb used=12071Kb max_used=12071Kb free=226876Kb
 bounds [0x00000001170f7000, 0x0000000117cc7000, 0x0000000125a50000]
CodeHeap 'non-nmethods': size=6812Kb used=1255Kb max_used=1255Kb free=5556Kb
 bounds [0x0000000116a50000, 0x0000000116cc0000, 0x00000001170f7000]
 total_blobs=8096 nmethods=7446 adapters=576
 compilation: enabled
              stopped_count=0, restarted_count=0
 full_count=0

Compilation events (10 events):
Event: 1958.919 Thread 0x00007fa4a8027000 7442       1       java.lang.String::getBytes (25 bytes)
Event: 1958.920 Thread 0x00007fa4a8027000 nmethod 7442 0x0000000117cbdf10 code [0x0000000117cbe0c0, 0x0000000117cbe250]
Event: 1958.920 Thread 0x00007fa4a8027000 7443   !   1       java.lang.StringCoding::encode (324 bytes)
Event: 1958.923 Thread 0x00007fa4a8027000 nmethod 7443 0x0000000117cbe310 code [0x0000000117cbe660, 0x0000000117cbfae0]
Event: 1959.062 Thread 0x00007fa4a8027000 7444       1       java.util.Calendar::setLenient (6 bytes)
Event: 1959.062 Thread 0x00007fa4a8027000 nmethod 7444 0x0000000117cc0510 code [0x0000000117cc06a0, 0x0000000117cc0750]
Event: 1959.062 Thread 0x00007fa4a8027000 7445       1       java.text.Format::<init> (5 bytes)
Event: 1959.062 Thread 0x00007fa4a8027000 nmethod 7445 0x0000000117cc0790 code [0x0000000117cc0920, 0x0000000117cc09d0]
Event: 1959.090 Thread 0x00007fa4a8027000 7446       1       com.mysql.cj.jdbc.ConnectionImpl::getMultiHostSafeProxy (5 bytes)
Event: 1959.091 Thread 0x00007fa4a8027000 nmethod 7446 0x0000000117cc0a90 code [0x0000000117cc0c20, 0x0000000117cc0cf0]

GC Heap History (10 events):
Event: 12.695 GC heap after
{Heap after GC invocations=12 (full 0):
 garbage-first heap   total 157696K, used 25795K [0x0000000780000000, 0x0000000800000000)
  region size 1024K, 8 young (8192K), 8 survivors (8192K)
 Metaspace       used 55666K, capacity 57187K, committed 57264K, reserved 1099776K
  class space    used 7306K, capacity 7906K, committed 7936K, reserved 1048576K
}
Event: 13.501 GC heap before
{Heap before GC invocations=12 (full 0):
 garbage-first heap   total 157696K, used 51395K [0x0000000780000000, 0x0000000800000000)
  region size 1024K, 34 young (34816K), 8 survivors (8192K)
 Metaspace       used 58675K, capacity 60170K, committed 60208K, reserved 1101824K
  class space    used 7667K, capacity 8284K, committed 8320K, reserved 1048576K
}
Event: 13.514 GC heap after
{Heap after GC invocations=13 (full 0):
 garbage-first heap   total 157696K, used 27099K [0x0000000780000000, 0x0000000800000000)
  region size 1024K, 4 young (4096K), 4 survivors (4096K)
 Metaspace       used 58675K, capacity 60170K, committed 60208K, reserved 1101824K
  class space    used 7667K, capacity 8284K, committed 8320K, reserved 1048576K
}
Event: 14.960 GC heap before
{Heap before GC invocations=14 (full 0):
 garbage-first heap   total 157696K, used 114139K [0x0000000780000000, 0x0000000800000000)
  region size 1024K, 89 young (91136K), 4 survivors (4096K)
 Metaspace       used 63783K, capacity 65670K, committed 65948K, reserved 1105920K
  class space    used 8412K, capacity 9147K, committed 9196K, reserved 1048576K
}
Event: 14.973 GC heap after
{Heap after GC invocations=15 (full 0):
 garbage-first heap   total 157696K, used 30896K [0x0000000780000000, 0x0000000800000000)
  region size 1024K, 8 young (8192K), 8 survivors (8192K)
 Metaspace       used 63783K, capacity 65670K, committed 65948K, reserved 1105920K
  class space    used 8412K, capacity 9147K, committed 9196K, reserved 1048576K
}
Event: 16.343 GC heap before
{Heap before GC invocations=16 (full 0):
 garbage-first heap   total 157696K, used 116912K [0x0000000780000000, 0x0000000800000000)
  region size 1024K, 92 young (94208K), 8 survivors (8192K)
 Metaspace       used 66531K, capacity 68634K, committed 68764K, reserved 1107968K
  class space    used 8842K, capacity 9664K, committed 9708K, reserved 1048576K
}
Event: 16.360 GC heap after
{Heap after GC invocations=17 (full 0):
 garbage-first heap   total 157696K, used 35155K [0x0000000780000000, 0x0000000800000000)
  region size 1024K, 10 young (10240K), 10 survivors (10240K)
 Metaspace       used 66531K, capacity 68634K, committed 68764K, reserved 1107968K
  class space    used 8842K, capacity 9664K, committed 9708K, reserved 1048576K
}
Event: 17.630 GC heap before
{Heap before GC invocations=17 (full 0):
 garbage-first heap   total 157696K, used 119123K [0x0000000780000000, 0x0000000800000000)
  region size 1024K, 92 young (94208K), 10 survivors (10240K)
 Metaspace       used 69494K, capacity 71781K, committed 72092K, reserved 1112064K
  class space    used 9236K, capacity 10109K, committed 10220K, reserved 1048576K
}
Event: 17.653 GC heap after
{Heap after GC invocations=18 (full 0):
 garbage-first heap   total 189440K, used 41957K [0x0000000780000000, 0x0000000800000000)
  region size 1024K, 11 young (11264K), 11 survivors (11264K)
 Metaspace       used 69494K, capacity 71781K, committed 72092K, reserved 1112064K
  class space    used 9236K, capacity 10109K, committed 10220K, reserved 1048576K
}
Event: 1959.244 GC heap before
{Heap before GC invocations=18 (full 0):
 garbage-first heap   total 189440K, used 139237K [0x0000000780000000, 0x0000000800000000)
  region size 1024K, 107 young (109568K), 11 survivors (11264K)
 Metaspace       used 74972K, capacity 77372K, committed 77596K, reserved 1116160K
  class space    used 9908K, capacity 10830K, committed 10860K, reserved 1048576K
}

Deoptimization events (0 events):
No events

Classes redefined (0 events):
No events

Internal exceptions (10 events):
Event: 1772.746 Thread 0x00007fa4a82e3800 Exception <a 'sun/net/ConnectionResetException'{0x00000007887749a0}: Connection reset> (0x00000007887749a0) thrown at [./open/src/hotspot/share/prims/jni.cpp, line 632]
Event: 1773.233 Thread 0x00007fa4a82e3800 Exception <a 'sun/net/ConnectionResetException'{0x0000000788776820}: Connection reset> (0x0000000788776820) thrown at [./open/src/hotspot/share/prims/jni.cpp, line 632]
Event: 1774.523 Thread 0x00007fa4a82e3800 Exception <a 'sun/net/ConnectionResetException'{0x0000000788778590}: Connection reset> (0x0000000788778590) thrown at [./open/src/hotspot/share/prims/jni.cpp, line 632]
Event: 1792.102 Thread 0x00007fa4a7fa7800 Exception <a 'sun/net/ConnectionResetException'{0x0000000787cf8fc8}: Connection reset> (0x0000000787cf8fc8) thrown at [./open/src/hotspot/share/prims/jni.cpp, line 632]
Event: 1796.675 Thread 0x00007fa4a7fa7800 Exception <a 'sun/net/ConnectionResetException'{0x0000000787cfc4d0}: Connection reset> (0x0000000787cfc4d0) thrown at [./open/src/hotspot/share/prims/jni.cpp, line 632]
Event: 1799.032 Thread 0x00007fa4a7fa7800 Exception <a 'sun/net/ConnectionResetException'{0x0000000787cfe240}: Connection reset> (0x0000000787cfe240) thrown at [./open/src/hotspot/share/prims/jni.cpp, line 632]
Event: 1800.654 Thread 0x00007fa4a7fa7800 Exception <a 'sun/net/ConnectionResetException'{0x0000000786d7b828}: Connection reset> (0x0000000786d7b828) thrown at [./open/src/hotspot/share/prims/jni.cpp, line 632]
Event: 1801.368 Thread 0x00007fa4a7fa7800 Exception <a 'sun/net/ConnectionResetException'{0x0000000786d7d598}: Connection reset> (0x0000000786d7d598) thrown at [./open/src/hotspot/share/prims/jni.cpp, line 632]
Event: 1804.955 Thread 0x00007fa4a7fa7800 Exception <a 'sun/net/ConnectionResetException'{0x0000000786d7f308}: Connection reset> (0x0000000786d7f308) thrown at [./open/src/hotspot/share/prims/jni.cpp, line 632]
Event: 1959.078 Thread 0x00007fa4a9167000 Exception <a 'java/lang/NoSuchMethodError'{0x0000000785a4f800}: java.lang.invoke.DirectMethodHandle$Holder.invokeStaticInit(Ljava/lang/Object;Ljava/lang/Object;Ljava/lang/Object;Ljava/lang/Object;Ljava/lang/Object;Ljava/lang/Object;)Ljava/lang/Object;> (0

Events (10 events):
Event: 1959.129 loading class org/springframework/security/core/userdetails/UsernameNotFoundException done
Event: 1959.129 loading class org/springframework/security/core/userdetails/UsernameNotFoundException
Event: 1959.129 loading class org/springframework/security/core/userdetails/UsernameNotFoundException done
Event: 1959.129 loading class com/ivan4usa/fp/services/CustomUserDetails
Event: 1959.129 loading class com/ivan4usa/fp/services/CustomUserDetails done
Event: 1959.178 loading class com/ivan4usa/fp/entity/Role
Event: 1959.178 loading class com/ivan4usa/fp/entity/Role done
Event: 1959.178 loading class com/ivan4usa/fp/entity/Role
Event: 1959.178 loading class com/ivan4usa/fp/entity/Role done
Event: 1959.244 Executing VM operation: G1CollectForAllocation


Dynamic libraries:
0x00007fff34fb4000 	/System/Library/Frameworks/Cocoa.framework/Versions/A/Cocoa
0x00007fff22329000 	/System/Library/Frameworks/Security.framework/Versions/A/Security
0x00007fff331c1000 	/System/Library/Frameworks/ApplicationServices.framework/Versions/A/ApplicationServices
0x00007fff2a5a6000 	/usr/lib/libz.1.dylib
0x000000010ac80000 	/Library/Java/JavaVirtualMachines/jdk-11.0.12.jdk/Contents/Home/lib/jli/libjli.dylib
0x00007fff2a66e000 	/usr/lib/libSystem.B.dylib
0x00007fff22d57000 	/System/Library/Frameworks/AppKit.framework/Versions/C/AppKit
0x00007fff25c16000 	/System/Library/Frameworks/CoreData.framework/Versions/A/CoreData
0x00007fff212c2000 	/System/Library/Frameworks/Foundation.framework/Versions/C/Foundation
0x00007fff23aa0000 	/System/Library/PrivateFrameworks/UIFoundation.framework/Versions/A/UIFoundation
0x00007fff2fc97000 	/System/Library/PrivateFrameworks/RemoteViewServices.framework/Versions/A/RemoteViewServices
0x00007fff28ab2000 	/System/Library/PrivateFrameworks/XCTTargetBootstrap.framework/Versions/A/XCTTargetBootstrap
0x00007fff2b797000 	/usr/lib/libspindump.dylib
0x00007fff23cef000 	/System/Library/Frameworks/UniformTypeIdentifiers.framework/Versions/A/UniformTypeIdentifiers
0x00007fff272b2000 	/usr/lib/libapp_launch_measurement.dylib
0x00007fff272b5000 	/System/Library/PrivateFrameworks/CoreAutoLayout.framework/Versions/A/CoreAutoLayout
0x00007fff28415000 	/System/Library/Frameworks/Metal.framework/Versions/A/Metal
0x00007fff2910f000 	/usr/lib/liblangid.dylib
0x00007fff28ab6000 	/System/Library/PrivateFrameworks/CoreSVG.framework/Versions/A/CoreSVG
0x00007fff24d2e000 	/System/Library/PrivateFrameworks/SkyLight.framework/Versions/A/SkyLight
0x00007fff25093000 	/System/Library/Frameworks/CoreGraphics.framework/Versions/A/CoreGraphics
0x00007fff301be000 	/System/Library/Frameworks/Accelerate.framework/Versions/A/Accelerate
0x00007fff2b1d5000 	/System/Library/PrivateFrameworks/IconServices.framework/Versions/A/IconServices
0x00007fff283f9000 	/System/Library/Frameworks/IOSurface.framework/Versions/A/IOSurface
0x00007fff2659e000 	/usr/lib/libDiagnosticMessagesClient.dylib
0x00007fff28a9e000 	/System/Library/PrivateFrameworks/DFRFoundation.framework/Versions/A/DFRFoundation
0x00007fff2267e000 	/usr/lib/libicucore.A.dylib
0x00007fff2ccde000 	/System/Library/Frameworks/AudioToolbox.framework/Versions/A/AudioToolbox
0x00007fff2bf68000 	/System/Library/PrivateFrameworks/DataDetectorsCore.framework/Versions/A/DataDetectorsCore
0x00007fff24ca2000 	/usr/lib/libMobileGestalt.dylib
0x00007fff287a2000 	/System/Library/Frameworks/Carbon.framework/Versions/A/Frameworks/HIToolbox.framework/Versions/A/HIToolbox
0x00007fff26cf8000 	/System/Library/Frameworks/QuartzCore.framework/Versions/A/QuartzCore
0x00007fff2fccf000 	/System/Library/Frameworks/Carbon.framework/Versions/A/Frameworks/SpeechRecognition.framework/Versions/A/SpeechRecognition
0x00007fff27017000 	/System/Library/PrivateFrameworks/CoreUI.framework/Versions/A/CoreUI
0x00007fff21c98000 	/System/Library/Frameworks/CoreAudio.framework/Versions/A/CoreAudio
0x00007fff26689000 	/System/Library/Frameworks/DiskArbitration.framework/Versions/A/DiskArbitration
0x00007fff2bb65000 	/System/Library/PrivateFrameworks/MultitouchSupport.framework/Versions/A/MultitouchSupport
0x00007fff2bf5f000 	/System/Library/PrivateFrameworks/InternationalSupport.framework/Versions/A/InternationalSupport
0x00007fff24ca1000 	/usr/lib/libenergytrace.dylib
0x00007fff22c4e000 	/System/Library/Frameworks/IOKit.framework/Versions/A/IOKit
0x00007fff30002000 	/System/Library/Frameworks/CoreServices.framework/Versions/A/CoreServices
0x00007fff27244000 	/System/Library/PrivateFrameworks/PerformanceAnalysis.framework/Versions/A/PerformanceAnalysis
0x00007fff6bab6000 	/System/Library/Frameworks/OpenGL.framework/Versions/A/OpenGL
0x00007fff2bfe3000 	/System/Library/PrivateFrameworks/UserActivity.framework/Versions/A/UserActivity
0x00007fff20335000 	/usr/lib/libobjc.A.dylib
0x00007fff2571d000 	/System/Library/Frameworks/ColorSync.framework/Versions/A/ColorSync
0x00007fff20515000 	/System/Library/Frameworks/CoreFoundation.framework/Versions/A/CoreFoundation
0x00007fff28d1d000 	/System/Library/Frameworks/CoreImage.framework/Versions/A/CoreImage
0x00007fff21ab2000 	/System/Library/Frameworks/CoreText.framework/Versions/A/CoreText
0x00007fff28ae0000 	/System/Library/Frameworks/ImageIO.framework/Versions/A/ImageIO
0x00007fff2a674000 	/System/Library/PrivateFrameworks/SoftLinking.framework/Versions/A/SoftLinking
0x00007fff272fd000 	/usr/lib/libxml2.2.dylib
0x00007fff203fb000 	/usr/lib/libc++.1.dylib
0x00007fff2a8e5000 	/usr/lib/libcompression.dylib
0x00007fff2be91000 	/System/Library/PrivateFrameworks/TextureIO.framework/Versions/A/TextureIO
0x00007fff2af14000 	/usr/lib/libate.dylib
0x00007fff2a668000 	/usr/lib/system/libcache.dylib
0x00007fff2a624000 	/usr/lib/system/libcommonCrypto.dylib
0x00007fff2a64e000 	/usr/lib/system/libcompiler_rt.dylib
0x00007fff2a643000 	/usr/lib/system/libcopyfile.dylib
0x00007fff20225000 	/usr/lib/system/libcorecrypto.dylib
0x00007fff202f0000 	/usr/lib/system/libdispatch.dylib
0x00007fff204a3000 	/usr/lib/system/libdyld.dylib
0x00007fff2a65f000 	/usr/lib/system/libkeymgr.dylib
0x00007fff2da75000 	/usr/lib/system/liblaunch.dylib
0x00007fff2a602000 	/usr/lib/system/libmacho.dylib
0x00007fff29dfa000 	/usr/lib/system/libquarantine.dylib
0x00007fff2a65c000 	/usr/lib/system/libremovefile.dylib
0x00007fff24cff000 	/usr/lib/system/libsystem_asl.dylib
0x00007fff201d5000 	/usr/lib/system/libsystem_blocks.dylib
0x00007fff20372000 	/usr/lib/system/libsystem_c.dylib
0x00007fff2a656000 	/usr/lib/system/libsystem_collections.dylib
0x00007fff29100000 	/usr/lib/system/libsystem_configuration.dylib
0x00007fff283e8000 	/usr/lib/system/libsystem_containermanager.dylib
0x00007fff2a3a5000 	/usr/lib/system/libsystem_coreservices.dylib
0x00007fff228de000 	/usr/lib/system/libsystem_darwin.dylib
0x00007fff2a660000 	/usr/lib/system/libsystem_dnssd.dylib
0x00007fff2036f000 	/usr/lib/system/libsystem_featureflags.dylib
0x00007fff204e9000 	/usr/lib/system/libsystem_info.dylib
0x00007fff2a5b9000 	/usr/lib/system/libsystem_m.dylib
0x00007fff202c3000 	/usr/lib/system/libsystem_malloc.dylib
0x00007fff24c92000 	/usr/lib/system/libsystem_networkextension.dylib
0x00007fff22cfd000 	/usr/lib/system/libsystem_notify.dylib
0x00007fff2ff04000 	/usr/lib/system/libsystem_product_info_filter.dylib
0x00007fff29104000 	/usr/lib/system/libsystem_sandbox.dylib
0x00007fff2a659000 	/usr/lib/system/libsystem_secinit.dylib
0x00007fff20467000 	/usr/lib/system/libsystem_kernel.dylib
0x00007fff204df000 	/usr/lib/system/libsystem_platform.dylib
0x00007fff20497000 	/usr/lib/system/libsystem_pthread.dylib
0x00007fff263da000 	/usr/lib/system/libsystem_symptoms.dylib
0x00007fff2020d000 	/usr/lib/system/libsystem_trace.dylib
0x00007fff2a630000 	/usr/lib/system/libunwind.dylib
0x00007fff201d7000 	/usr/lib/system/libxpc.dylib
0x00007fff20451000 	/usr/lib/libc++abi.dylib
0x00007fff2a63b000 	/usr/lib/liboah.dylib
0x00007fff2acf9000 	/usr/lib/liblzma.5.dylib
0x00007fff20fd6000 	/System/Library/Frameworks/SystemConfiguration.framework/Versions/A/SystemConfiguration
0x00007fff2a670000 	/usr/lib/libfakelink.dylib
0x00007fff247f3000 	/System/Library/Frameworks/CFNetwork.framework/Versions/A/CFNetwork
0x00007fff2a7b0000 	/usr/lib/libarchive.2.dylib
0x00007fff21054000 	/usr/lib/libCRFSuite.dylib
0x00007fff29e21000 	/usr/lib/libbsm.0.dylib
0x00007fff2416c000 	/usr/lib/libnetwork.dylib
0x00007fff2a675000 	/usr/lib/libpcap.A.dylib
0x00007fff263d3000 	/usr/lib/libdns_services.dylib
0x00007fff2ad12000 	/usr/lib/libcoretls_cfhelpers.dylib
0x00007fff2a8af000 	/usr/lib/libapple_nghttp2.dylib
0x00007fff2a608000 	/usr/lib/system/libkxld.dylib
0x00007fff2604c000 	/usr/lib/libsqlite3.dylib
0x00007fff2a388000 	/System/Library/PrivateFrameworks/AppleFSCompression.framework/Versions/A/AppleFSCompression
0x00007fff29e09000 	/usr/lib/libcoretls.dylib
0x00007fff2a8e0000 	/usr/lib/libpam.2.dylib
0x00007fff2ae10000 	/usr/lib/libxar.1.dylib
0x00007fff2910b000 	/System/Library/PrivateFrameworks/AppleSystemInfo.framework/Versions/A/AppleSystemInfo
0x00007fff29a4b000 	/System/Library/PrivateFrameworks/IOMobileFramebuffer.framework/Versions/A/IOMobileFramebuffer
0x00007fff2a398000 	/usr/lib/libbz2.1.0.dylib
0x00007fff2a6ad000 	/usr/lib/libiconv.2.dylib
0x00007fff2a601000 	/usr/lib/libcharset.1.dylib
0x00007fff27280000 	/System/Library/Frameworks/CoreServices.framework/Versions/A/Frameworks/FSEvents.framework/Versions/A/FSEvents
0x00007fff228e8000 	/System/Library/Frameworks/CoreServices.framework/Versions/A/Frameworks/CarbonCore.framework/Versions/A/CarbonCore
0x00007fff265ee000 	/System/Library/Frameworks/CoreServices.framework/Versions/A/Frameworks/Metadata.framework/Versions/A/Metadata
0x00007fff2a3aa000 	/System/Library/Frameworks/CoreServices.framework/Versions/A/Frameworks/OSServices.framework/Versions/A/OSServices
0x00007fff2a822000 	/System/Library/Frameworks/CoreServices.framework/Versions/A/Frameworks/SearchKit.framework/Versions/A/SearchKit
0x00007fff2635e000 	/System/Library/Frameworks/CoreServices.framework/Versions/A/Frameworks/AE.framework/Versions/A/AE
0x00007fff209b3000 	/System/Library/Frameworks/CoreServices.framework/Versions/A/Frameworks/LaunchServices.framework/Versions/A/LaunchServices
0x00007fff2aca9000 	/System/Library/Frameworks/CoreServices.framework/Versions/A/Frameworks/DictionaryServices.framework/Versions/A/DictionaryServices
0x00007fff2728d000 	/System/Library/Frameworks/CoreServices.framework/Versions/A/Frameworks/SharedFileList.framework/Versions/A/SharedFileList
0x00007fff29dfd000 	/usr/lib/libCheckFix.dylib
0x00007fff24d16000 	/System/Library/PrivateFrameworks/TCC.framework/Versions/A/TCC
0x00007fff29111000 	/System/Library/PrivateFrameworks/CoreNLP.framework/Versions/A/CoreNLP
0x00007fff265a1000 	/System/Library/PrivateFrameworks/MetadataUtilities.framework/Versions/A/MetadataUtilities
0x00007fff21089000 	/usr/lib/libmecabra.dylib
0x00007fff2a107000 	/System/Library/Frameworks/MLCompute.framework/Versions/A/MLCompute
0x00007fff29e32000 	/usr/lib/libmecab.dylib
0x00007fff29e7c000 	/usr/lib/libgermantok.dylib
0x00007fff2a88a000 	/usr/lib/libThaiTokenizer.dylib
0x00007fff2ae4b000 	/usr/lib/libChineseTokenizer.dylib
0x00007fff2a8de000 	/System/Library/Frameworks/MetalPerformanceShaders.framework/Versions/A/MetalPerformanceShaders
0x00007fff26690000 	/System/Library/Frameworks/Accelerate.framework/Versions/A/Frameworks/vImage.framework/Versions/A/vImage
0x00007fff2ffdc000 	/System/Library/Frameworks/Accelerate.framework/Versions/A/Frameworks/vecLib.framework/Versions/A/vecLib
0x00007fff2ae56000 	/System/Library/Frameworks/Accelerate.framework/Versions/A/Frameworks/vecLib.framework/Versions/A/libvMisc.dylib
0x00007fff29866000 	/System/Library/Frameworks/Accelerate.framework/Versions/A/Frameworks/vecLib.framework/Versions/A/libvDSP.dylib
0x00007fff20cbc000 	/System/Library/Frameworks/Accelerate.framework/Versions/A/Frameworks/vecLib.framework/Versions/A/libBLAS.dylib
0x00007fff2a90b000 	/System/Library/Frameworks/Accelerate.framework/Versions/A/Frameworks/vecLib.framework/Versions/A/libLAPACK.dylib
0x00007fff29e82000 	/System/Library/Frameworks/Accelerate.framework/Versions/A/Frameworks/vecLib.framework/Versions/A/libLinearAlgebra.dylib
0x00007fff2a8c7000 	/System/Library/Frameworks/Accelerate.framework/Versions/A/Frameworks/vecLib.framework/Versions/A/libSparseBLAS.dylib
0x00007fff2a905000 	/System/Library/Frameworks/Accelerate.framework/Versions/A/Frameworks/vecLib.framework/Versions/A/libQuadrature.dylib
0x00007fff291bd000 	/System/Library/Frameworks/Accelerate.framework/Versions/A/Frameworks/vecLib.framework/Versions/A/libBNNS.dylib
0x00007fff20f67000 	/System/Library/Frameworks/Accelerate.framework/Versions/A/Frameworks/vecLib.framework/Versions/A/libSparse.dylib
0x00007fff29099000 	/System/Library/Frameworks/MetalPerformanceShaders.framework/Versions/A/Frameworks/MPSCore.framework/Versions/A/MPSCore
0x00007fff2a2f7000 	/System/Library/Frameworks/MetalPerformanceShaders.framework/Versions/A/Frameworks/MPSImage.framework/Versions/A/MPSImage
0x00007fff29e98000 	/System/Library/Frameworks/MetalPerformanceShaders.framework/Versions/A/Frameworks/MPSNeuralNetwork.framework/Versions/A/MPSNeuralNetwork
0x00007fff2a269000 	/System/Library/Frameworks/MetalPerformanceShaders.framework/Versions/A/Frameworks/MPSMatrix.framework/Versions/A/MPSMatrix
0x00007fff2a0b7000 	/System/Library/Frameworks/MetalPerformanceShaders.framework/Versions/A/Frameworks/MPSRayIntersector.framework/Versions/A/MPSRayIntersector
0x00007fff2a2a0000 	/System/Library/Frameworks/MetalPerformanceShaders.framework/Versions/A/Frameworks/MPSNDArray.framework/Versions/A/MPSNDArray
0x00007fff20be8000 	/System/Library/PrivateFrameworks/MetalTools.framework/Versions/A/MetalTools
0x00007fff29109000 	/System/Library/PrivateFrameworks/AggregateDictionary.framework/Versions/A/AggregateDictionary
0x00007fff2656e000 	/System/Library/PrivateFrameworks/CoreAnalytics.framework/Versions/A/CoreAnalytics
0x00007fff2a88c000 	/System/Library/PrivateFrameworks/AppleSauce.framework/Versions/A/AppleSauce
0x00007fff2840b000 	/System/Library/PrivateFrameworks/IOAccelerator.framework/Versions/A/IOAccelerator
0x00007fff6baaa000 	/System/Library/Frameworks/OpenGL.framework/Versions/A/Libraries/libCoreFSCache.dylib
0x00007fff21621000 	/System/Library/PrivateFrameworks/LanguageModeling.framework/Versions/A/LanguageModeling
0x00007fff29a39000 	/System/Library/PrivateFrameworks/CoreEmoji.framework/Versions/A/CoreEmoji
0x00007fff291b6000 	/System/Library/PrivateFrameworks/LinguisticData.framework/Versions/A/LinguisticData
0x00007fff20f19000 	/System/Library/PrivateFrameworks/Lexicon.framework/Versions/A/Lexicon
0x00007fff2a79e000 	/usr/lib/libcmph.dylib
0x00007fff27260000 	/System/Library/Frameworks/OpenDirectory.framework/Versions/A/Frameworks/CFOpenDirectory.framework/Versions/A/CFOpenDirectory
0x00007fff27250000 	/System/Library/Frameworks/OpenDirectory.framework/Versions/A/OpenDirectory
0x00007fff2ad14000 	/System/Library/PrivateFrameworks/APFS.framework/Versions/A/APFS
0x00007fff29d5f000 	/System/Library/Frameworks/SecurityFoundation.framework/Versions/A/SecurityFoundation
0x00007fff2ae1e000 	/usr/lib/libutil.dylib
0x00007fff22c13000 	/System/Library/PrivateFrameworks/CoreServicesStore.framework/Versions/A/CoreServicesStore
0x00007fff29df5000 	/System/Library/Frameworks/ServiceManagement.framework/Versions/A/ServiceManagement
0x00007fff2ae22000 	/usr/lib/libxslt.1.dylib
0x00007fff29deb000 	/System/Library/PrivateFrameworks/BackgroundTaskManagement.framework/Versions/A/BackgroundTaskManagement
0x00007fff2bddb000 	/System/Library/Frameworks/ImageIO.framework/Versions/A/Resources/libRadiance.dylib
0x00007fff2bde5000 	/System/Library/Frameworks/ImageIO.framework/Versions/A/Resources/libJPEG.dylib
0x00007fff2bd2f000 	/System/Library/Frameworks/ImageIO.framework/Versions/A/Resources/libPng.dylib
0x00007fff2bd56000 	/System/Library/Frameworks/ImageIO.framework/Versions/A/Resources/libTIFF.dylib
0x00007fff2be3a000 	/System/Library/Frameworks/ImageIO.framework/Versions/A/Resources/libGIF.dylib
0x00007fff2ba81000 	/System/Library/Frameworks/ImageIO.framework/Versions/A/Resources/libJP2.dylib
0x00007fff2b19d000 	/usr/lib/libexpat.1.dylib
0x00007fff2ba37000 	/System/Library/PrivateFrameworks/AppleJPEG.framework/Versions/A/AppleJPEG
0x00007fff28641000 	/System/Library/PrivateFrameworks/FontServices.framework/libFontParser.dylib
0x00007fff26315000 	/System/Library/PrivateFrameworks/RunningBoardServices.framework/Versions/A/RunningBoardServices
0x00007fff2bb61000 	/System/Library/PrivateFrameworks/WatchdogClient.framework/Versions/A/WatchdogClient
0x00007fff2170a000 	/System/Library/Frameworks/CoreDisplay.framework/Versions/A/CoreDisplay
0x00007fff28556000 	/System/Library/Frameworks/CoreMedia.framework/Versions/A/CoreMedia
0x00007fff273e0000 	/System/Library/Frameworks/CoreVideo.framework/Versions/A/CoreVideo
0x00007fff2bb9c000 	/System/Library/Frameworks/VideoToolbox.framework/Versions/A/VideoToolbox
0x00007fff26295000 	/System/Library/PrivateFrameworks/BaseBoard.framework/Versions/A/BaseBoard
0x00007fff2b2e1000 	/System/Library/PrivateFrameworks/PersistentConnection.framework/Versions/A/PersistentConnection
0x00007fff26036000 	/System/Library/PrivateFrameworks/ProtocolBuffer.framework/Versions/A/ProtocolBuffer
0x00007fff2627d000 	/System/Library/PrivateFrameworks/CommonUtilities.framework/Versions/A/CommonUtilities
0x00007fff2b9fa000 	/System/Library/PrivateFrameworks/Bom.framework/Versions/A/Bom
0x00007fff2bdd3000 	/System/Library/PrivateFrameworks/GPUWrangler.framework/Versions/A/GPUWrangler
0x00007fff2bdb6000 	/System/Library/PrivateFrameworks/IOPresentment.framework/Versions/A/IOPresentment
0x00007fff2bddf000 	/System/Library/PrivateFrameworks/DSExternalDisplay.framework/Versions/A/DSExternalDisplay
0x00007fff2be3f000 	/System/Library/PrivateFrameworks/CMCaptureCore.framework/Versions/A/CMCaptureCore
0x00007fff2b77d000 	/System/Library/PrivateFrameworks/AppServerSupport.framework/Versions/A/AppServerSupport
0x00007fff2d818000 	/System/Library/PrivateFrameworks/perfdata.framework/Versions/A/perfdata
0x00007fff29d4e000 	/System/Library/PrivateFrameworks/AssertionServices.framework/Versions/A/AssertionServices
0x00007fff21841000 	/System/Library/PrivateFrameworks/AudioToolboxCore.framework/Versions/A/AudioToolboxCore
0x00007fff28539000 	/System/Library/PrivateFrameworks/caulk.framework/Versions/A/caulk
0x00007fff3cc50000 	/System/Library/PrivateFrameworks/SystemPolicy.framework/Versions/A/SystemPolicy
0x00007fff2afac000 	/usr/lib/libIOReport.dylib
0x00007fff2d054000 	/usr/lib/libSMC.dylib
0x00007fff2bcfb000 	/usr/lib/libAudioToolboxUtility.dylib
0x00007fff3d5aa000 	/usr/lib/libmis.dylib
0x00007fff6bb06000 	/System/Library/Frameworks/OpenGL.framework/Versions/A/Libraries/libGLU.dylib
0x00007fff6bac9000 	/System/Library/Frameworks/OpenGL.framework/Versions/A/Libraries/libGFXShared.dylib
0x00007fff6bcd7000 	/System/Library/Frameworks/OpenGL.framework/Versions/A/Libraries/libGL.dylib
0x00007fff6bad2000 	/System/Library/Frameworks/OpenGL.framework/Versions/A/Libraries/libGLImage.dylib
0x00007fff6bac6000 	/System/Library/Frameworks/OpenGL.framework/Versions/A/Libraries/libCVMSPluginSupport.dylib
0x00007fff6bab1000 	/System/Library/Frameworks/OpenGL.framework/Versions/A/Libraries/libCoreVMClient.dylib
0x00007fff6d121000 	/System/Library/Frameworks/OpenCL.framework/Versions/A/OpenCL
0x00007fff2b30a000 	/System/Library/PrivateFrameworks/GraphVisualizer.framework/Versions/A/GraphVisualizer
0x00007fff2b319000 	/System/Library/PrivateFrameworks/FaceCore.framework/Versions/A/FaceCore
0x00007fff2b735000 	/System/Library/PrivateFrameworks/OTSVG.framework/Versions/A/OTSVG
0x00007fff26fd5000 	/System/Library/Frameworks/ApplicationServices.framework/Versions/A/Frameworks/ATS.framework/Versions/A/Resources/libFontRegistry.dylib
0x00007fff2b784000 	/System/Library/PrivateFrameworks/FontServices.framework/libhvf.dylib
0x00007fff2b149000 	/System/Library/PrivateFrameworks/AppleVA.framework/Versions/A/AppleVA
0x00007fff2ce9c000 	/System/Library/Frameworks/ApplicationServices.framework/Versions/A/Frameworks/ATS.framework/Versions/A/ATS
0x00007fff2d1af000 	/System/Library/Frameworks/ApplicationServices.framework/Versions/A/Frameworks/ColorSyncLegacy.framework/Versions/A/ColorSyncLegacy
0x00007fff25814000 	/System/Library/Frameworks/ApplicationServices.framework/Versions/A/Frameworks/HIServices.framework/Versions/A/HIServices
0x00007fff2d194000 	/System/Library/Frameworks/ApplicationServices.framework/Versions/A/Frameworks/LangAnalysis.framework/Versions/A/LangAnalysis
0x00007fff2be49000 	/System/Library/Frameworks/ApplicationServices.framework/Versions/A/Frameworks/PrintCore.framework/Versions/A/PrintCore
0x00007fff2d1b7000 	/System/Library/Frameworks/ApplicationServices.framework/Versions/A/Frameworks/QD.framework/Versions/A/QD
0x00007fff2ce8c000 	/System/Library/Frameworks/ApplicationServices.framework/Versions/A/Frameworks/SpeechSynthesis.framework/Versions/A/SpeechSynthesis
0x00007fff2be0a000 	/System/Library/Frameworks/ApplicationServices.framework/Versions/A/Frameworks/ATSUI.framework/Versions/A/ATSUI
0x00007fff2d134000 	/usr/lib/libcups.2.dylib
0x00007fff2d1a4000 	/System/Library/PrivateFrameworks/NetAuth.framework/Versions/A/NetAuth
0x00007fff2d833000 	/System/Library/Frameworks/Kerberos.framework/Versions/A/Kerberos
0x00007fff2d843000 	/System/Library/Frameworks/GSS.framework/Versions/A/GSS
0x00007fff2cf09000 	/usr/lib/libresolv.9.dylib
0x00007fff2b79a000 	/System/Library/PrivateFrameworks/Heimdal.framework/Versions/A/Heimdal
0x00007fff334d6000 	/System/Library/Frameworks/Kerberos.framework/Versions/A/Libraries/libHeimdalProxy.dylib
0x00007fff263e2000 	/System/Library/Frameworks/Network.framework/Versions/A/Network
0x00007fff2b1b6000 	/usr/lib/libheimdal-asn1.dylib
0x00007fff2d894000 	/System/Library/PrivateFrameworks/CommonAuth.framework/Versions/A/CommonAuth
0x00007fff2742e000 	/System/Library/PrivateFrameworks/login.framework/Versions/A/Frameworks/loginsupport.framework/Versions/A/loginsupport
0x00007fff2ce13000 	/System/Library/PrivateFrameworks/AudioSession.framework/Versions/A/AudioSession
0x00007fff2ce79000 	/usr/lib/libAudioStatistics.dylib
0x00007fff2b242000 	/System/Library/PrivateFrameworks/MediaExperience.framework/Versions/A/MediaExperience
0x00007fff2ccac000 	/System/Library/PrivateFrameworks/AudioSession.framework/libSessionUtility.dylib
0x00007fff2d824000 	/usr/lib/libperfcheck.dylib
0x00007fff2d1c3000 	/System/Library/PrivateFrameworks/AudioResourceArbitration.framework/Versions/A/AudioResourceArbitration
0x00007fff2b1c0000 	/System/Library/PrivateFrameworks/IconFoundation.framework/Versions/A/IconFoundation
0x00007fff2fcbf000 	/System/Library/PrivateFrameworks/SpeechRecognitionCore.framework/Versions/A/SpeechRecognitionCore
0x000000010d800000 	/Library/Java/JavaVirtualMachines/jdk-11.0.12.jdk/Contents/Home/lib/server/libjvm.dylib
0x000000010aca6000 	/Library/Java/JavaVirtualMachines/jdk-11.0.12.jdk/Contents/Home/lib/libverify.dylib
0x000000010acb6000 	/Library/Java/JavaVirtualMachines/jdk-11.0.12.jdk/Contents/Home/lib/libjava.dylib
0x000000010ace2000 	/Library/Java/JavaVirtualMachines/jdk-11.0.12.jdk/Contents/Home/lib/libjimage.dylib
0x000000010acf0000 	/Library/Java/JavaVirtualMachines/jdk-11.0.12.jdk/Contents/Home/lib/libinstrument.dylib
0x000000010ad47000 	/Library/Java/JavaVirtualMachines/jdk-11.0.12.jdk/Contents/Home/lib/libzip.dylib
0x000000010b38b000 	/Library/Java/JavaVirtualMachines/jdk-11.0.12.jdk/Contents/Home/lib/libnio.dylib
0x000000010b39d000 	/Library/Java/JavaVirtualMachines/jdk-11.0.12.jdk/Contents/Home/lib/libnet.dylib
0x000000010b3b7000 	/Library/Java/JavaVirtualMachines/jdk-11.0.12.jdk/Contents/Home/lib/libextnet.dylib
0x000000010b3be000 	/Library/Java/JavaVirtualMachines/jdk-11.0.12.jdk/Contents/Home/lib/libmanagement.dylib
0x000000010b3c8000 	/Library/Java/JavaVirtualMachines/jdk-11.0.12.jdk/Contents/Home/lib/libmanagement_ext.dylib
0x000000010b5d3000 	/Library/Java/JavaVirtualMachines/jdk-11.0.12.jdk/Contents/Home/lib/libsunec.dylib


VM Arguments:
jvm_args: -XX:TieredStopAtLevel=1 -Xverify:none -Dspring.profiles.active=local -Dspring.output.ansi.enabled=always -javaagent:/Applications/IntelliJ IDEA.app/Contents/lib/idea_rt.jar=49336:/Applications/IntelliJ IDEA.app/Contents/bin -Dcom.sun.management.jmxremote -Dspring.jmx.enabled=true -Dspring.liveBeansView.mbeanDomain -Dspring.application.admin.enabled=true -Dfile.encoding=UTF-8 
java_command: com.ivan4usa.fp.App
java_class_path (initial): /Users/ivanpol/IdeaProjects/familyPocket/target/classes:/Users/ivanpol/.m2/repository/org/springframework/boot/spring-boot-starter-data-jpa/2.5.4/spring-boot-starter-data-jpa-2.5.4.jar:/Users/ivanpol/.m2/repository/org/springframework/boot/spring-boot-starter-aop/2.5.4/spring-boot-starter-aop-2.5.4.jar:/Users/ivanpol/.m2/repository/org/aspectj/aspectjweaver/1.9.7/aspectjweaver-1.9.7.jar:/Users/ivanpol/.m2/repository/org/springframework/boot/spring-boot-starter-jdbc/2.5.4/spring-boot-starter-jdbc-2.5.4.jar:/Users/ivanpol/.m2/repository/com/zaxxer/HikariCP/4.0.3/HikariCP-4.0.3.jar:/Users/ivanpol/.m2/repository/org/springframework/spring-jdbc/5.3.9/spring-jdbc-5.3.9.jar:/Users/ivanpol/.m2/repository/jakarta/transaction/jakarta.transaction-api/1.3.3/jakarta.transaction-api-1.3.3.jar:/Users/ivanpol/.m2/repository/jakarta/persistence/jakarta.persistence-api/2.2.3/jakarta.persistence-api-2.2.3.jar:/Users/ivanpol/.m2/repository/org/hibernate/hibernate-core/5.4.32.Final/hibernate-core-5.4.32.Final.jar:/Users/ivanpol/.m2/repository/org/jboss/logging/jboss-logging/3.4.2.Final/jboss-logging-3.4.2.Final.jar:/Users/ivanpol/.m2/repository/org/javassist/javassist/3.27.0-GA/javassist-3.27.0-GA.jar:/Users/ivanpol/.m2/repository/net/bytebuddy/byte-buddy/1.10.22/byte-buddy-1.10.22.jar:/Users/ivanpol/.m2/repository/antlr/antlr/2.7.7/antlr-2.7.7.jar:/Users/ivanpol/.m2/repository/org/jboss/jandex/2.2.3.Final/jandex-2.2.3.Final.jar:/Users/ivanpol/.m2/repository/com/fasterxml/classmate/1.5.1/classmate-1.5.1.jar:/Users/ivanpol/.m2/repository/org/dom4j/dom4j/2.1.3/dom4j-2.1.3.jar:/Users/ivanpol/.m2/repository/org/hibernate/common/hibernate-commons-annotations/5.1.2.Final/hibernate-commons-annotations-5.1.2.Final.jar:/Users/ivanpol/.m2/repository/org/glassfish/jaxb/jaxb-runtime/2.3.5/jaxb-runtime-2.3.5.jar:/Users/ivanpol/.m2/repository/org/glassfish/jaxb/txw2/2.3.5/txw2-2.3.5.jar:/Users/ivanpol/.m2/repository/com/sun/istack/istack-commons-runtime/3.0.12/istack-comm
Launcher Type: SUN_STANDARD

[Global flags]
     bool BytecodeVerificationLocal                = false                                     {product} {command line}
     bool BytecodeVerificationRemote               = false                                     {product} {command line}
     intx CICompilerCount                          = 3                                         {product} {ergonomic}
     uint ConcGCThreads                            = 1                                         {product} {ergonomic}
     uint G1ConcRefinementThreads                  = 4                                         {product} {ergonomic}
   size_t G1HeapRegionSize                         = 1048576                                   {product} {ergonomic}
    uintx GCDrainStackTargetSize                   = 64                                        {product} {ergonomic}
   size_t InitialHeapSize                          = 134217728                                 {product} {ergonomic}
     bool ManagementServer                         = true                                      {product} {command line}
   size_t MarkStackSize                            = 4194304                                   {product} {ergonomic}
   size_t MaxHeapSize                              = 2147483648                                {product} {ergonomic}
   size_t MaxNewSize                               = 1287651328                                {product} {ergonomic}
   size_t MinHeapDeltaBytes                        = 1048576                                   {product} {ergonomic}
    uintx NonNMethodCodeHeapSize                   = 6973028                                {pd product} {ergonomic}
    uintx NonProfiledCodeHeapSize                  = 244685212                              {pd product} {ergonomic}
    uintx ProfiledCodeHeapSize                     = 0                                      {pd product} {ergonomic}
    uintx ReservedCodeCacheSize                    = 251658240                              {pd product} {ergonomic}
     bool SegmentedCodeCache                       = true                                      {product} {ergonomic}
     intx TieredStopAtLevel                        = 1                                         {product} {command line}
     bool UseCompressedClassPointers               = true                                 {lp64_product} {ergonomic}
     bool UseCompressedOops                        = true                                 {lp64_product} {ergonomic}
     bool UseG1GC                                  = true                                      {product} {ergonomic}

Logging:
Log output configuration:
 #0: stdout all=warning uptime,level,tags
 #1: stderr all=off uptime,level,tags

Environment Variables:
PATH=/usr/local/bin:/usr/bin:/bin:/usr/sbin:/sbin
SHELL=/bin/zsh

Signal Handlers:
SIGSEGV: [libjvm.dylib+0x79688e], sa_mask[0]=11111111011111110111111111111111, sa_flags=SA_ONSTACK|SA_RESTART|SA_SIGINFO
SIGBUS: [libjvm.dylib+0x79688e], sa_mask[0]=11111111011111110111111111111111, sa_flags=SA_RESTART|SA_SIGINFO
SIGFPE: [libjvm.dylib+0x79688e], sa_mask[0]=11111111011111110111111111111111, sa_flags=SA_RESTART|SA_SIGINFO
SIGPIPE: [libjvm.dylib+0x6488fa], sa_mask[0]=11111111011111110111111111111111, sa_flags=SA_RESTART|SA_SIGINFO
SIGXFSZ: [libjvm.dylib+0x6488fa], sa_mask[0]=11111111011111110111111111111111, sa_flags=SA_RESTART|SA_SIGINFO
SIGILL: [libjvm.dylib+0x79688e], sa_mask[0]=11111111011111110111111111111111, sa_flags=SA_RESTART|SA_SIGINFO
SIGUSR2: [libjvm.dylib+0x648ece], sa_mask[0]=00100000000000000000000000000000, sa_flags=SA_RESTART|SA_SIGINFO
SIGHUP: [libjvm.dylib+0x64798f], sa_mask[0]=11111111011111110111111111111111, sa_flags=SA_RESTART|SA_SIGINFO
SIGINT: [libjvm.dylib+0x64798f], sa_mask[0]=11111111011111110111111111111111, sa_flags=SA_RESTART|SA_SIGINFO
SIGTERM: [libjvm.dylib+0x64798f], sa_mask[0]=11111111011111110111111111111111, sa_flags=SA_RESTART|SA_SIGINFO
SIGQUIT: [libjvm.dylib+0x64798f], sa_mask[0]=11111111011111110111111111111111, sa_flags=SA_RESTART|SA_SIGINFO


---------------  S Y S T E M  ---------------

OS:uname:Darwin 20.5.0 Darwin Kernel Version 20.5.0: Sat May  8 05:10:33 PDT 2021; root:xnu-7195.121.3~9/RELEASE_X86_64 x86_64
rlimit: STACK 8192k, CORE 0k, NPROC 1392, NOFILE 10240, AS infinity, DATA infinity, FSIZE infinity
load average:8.18 7.26 6.44

CPU:total 4 (initial active 4) (2 cores per cpu, 2 threads per core) family 6 model 61 stepping 4 microcode 0x2f, cmov, cx8, fxsr, mmx, sse, sse2, sse3, ssse3, sse4.1, sse4.2, popcnt, avx, avx2, aes, clmul, erms, rtm, 3dnowpref, lzcnt, ht, tsc, tscinvbit, bmi1, bmi2, adx, fma

Memory: 4k page, physical 8388608k(151188k free)

vm_info: Java HotSpot(TM) 64-Bit Server VM (11.0.12+8-LTS-237) for bsd-amd64 JRE (11.0.12+8-LTS-237), built on Jun  8 2021 10:26:22 by "mach5one" with gcc 4.2.1 Compatible Apple LLVM 11.0.0 (clang-1100.0.33.17)

END.
